{
library : {
name   : "Behaviour";
type   : SHARED_LIBRARY;
prefix : "lib";
suffix : "so";
install_path : "";
sources : {
"StationaryHeatTransfer-generic.cxx",
"StationaryHeatTransfer.cxx",
"IsotropicLinearHardeningPlasticity-generic.cxx",
"IsotropicLinearHardeningPlasticity.cxx",
"LogarithmicStrainPlasticity-generic.cxx",
"LogarithmicStrainPlasticity.cxx",
"PhaseFieldDisplacementDeviatoricSplit-generic.cxx",
"PhaseFieldDisplacementDeviatoricSplit.cxx",
"PhaseFieldDamage-generic.cxx",
"PhaseFieldDamage.cxx"
};
cppflags : {
"$(shell tfel-config --cppflags --compiler-flags)"
};
include_directories : {
"$(shell tfel-config --include-path)"
};
link_directories : {
"$(shell tfel-config --library-path)"
};
link_libraries : {
"$(shell tfel-config --library-dependency --material --mfront-profiling --physical-constants)"
};
epts : {
"StationaryHeatTransfer_AxisymmetricalGeneralisedPlaneStrain",
"StationaryHeatTransfer_Axisymmetrical",
"StationaryHeatTransfer_PlaneStrain",
"StationaryHeatTransfer_GeneralisedPlaneStrain",
"StationaryHeatTransfer_Tridimensional",
"IsotropicLinearHardeningPlasticity_AxisymmetricalGeneralisedPlaneStrain",
"IsotropicLinearHardeningPlasticity_Axisymmetrical",
"IsotropicLinearHardeningPlasticity_PlaneStrain",
"IsotropicLinearHardeningPlasticity_GeneralisedPlaneStrain",
"IsotropicLinearHardeningPlasticity_Tridimensional",
"LogarithmicStrainPlasticity_AxisymmetricalGeneralisedPlaneStrain",
"LogarithmicStrainPlasticity_Axisymmetrical",
"LogarithmicStrainPlasticity_PlaneStrain",
"LogarithmicStrainPlasticity_GeneralisedPlaneStrain",
"LogarithmicStrainPlasticity_Tridimensional",
"PhaseFieldDisplacementDeviatoricSplit_AxisymmetricalGeneralisedPlaneStrain",
"PhaseFieldDisplacementDeviatoricSplit_Axisymmetrical",
"PhaseFieldDisplacementDeviatoricSplit_PlaneStrain",
"PhaseFieldDisplacementDeviatoricSplit_GeneralisedPlaneStrain",
"PhaseFieldDisplacementDeviatoricSplit_Tridimensional",
"PhaseFieldDamage_AxisymmetricalGeneralisedPlaneStrain",
"PhaseFieldDamage_Axisymmetrical",
"PhaseFieldDamage_PlaneStrain",
"PhaseFieldDamage_GeneralisedPlaneStrain",
"PhaseFieldDamage_Tridimensional"
};
};
headers : {
"MFront/GenericBehaviour/StationaryHeatTransfer-generic.hxx",
"TFEL/Material/StationaryHeatTransfer.hxx",
"TFEL/Material/StationaryHeatTransferBehaviourData.hxx",
"TFEL/Material/StationaryHeatTransferIntegrationData.hxx",
"MFront/GenericBehaviour/IsotropicLinearHardeningPlasticity-generic.hxx",
"TFEL/Material/IsotropicLinearHardeningPlasticity.hxx",
"TFEL/Material/IsotropicLinearHardeningPlasticityBehaviourData.hxx",
"TFEL/Material/IsotropicLinearHardeningPlasticityIntegrationData.hxx",
"MFront/GenericBehaviour/LogarithmicStrainPlasticity-generic.hxx",
"TFEL/Material/LogarithmicStrainPlasticity.hxx",
"TFEL/Material/LogarithmicStrainPlasticityBehaviourData.hxx",
"TFEL/Material/LogarithmicStrainPlasticityIntegrationData.hxx",
"MFront/GenericBehaviour/PhaseFieldDisplacementDeviatoricSplit-generic.hxx",
"TFEL/Material/PhaseFieldDisplacementDeviatoricSplit.hxx",
"TFEL/Material/PhaseFieldDisplacementDeviatoricSplitBehaviourData.hxx",
"TFEL/Material/PhaseFieldDisplacementDeviatoricSplitIntegrationData.hxx",
"MFront/GenericBehaviour/PhaseFieldDamage-generic.hxx",
"TFEL/Material/PhaseFieldDamage.hxx",
"TFEL/Material/PhaseFieldDamageBehaviourData.hxx",
"TFEL/Material/PhaseFieldDamageIntegrationData.hxx"
};
};
